[03-Apr-2018 01:51:06 Asia/Shanghai] PHP Notice:  Undefined variable: app in F:\code\php\xueqiu-slim\bootstrap\app.php on line 19
[03-Apr-2018 01:51:06 Asia/Shanghai] PHP Stack trace:
[03-Apr-2018 01:51:06 Asia/Shanghai] PHP   1. {main}() F:\code\php\xueqiu-slim\public\index.php:0
[03-Apr-2018 01:51:06 Asia/Shanghai] PHP   2. require() F:\code\php\xueqiu-slim\public\index.php:9
[03-Apr-2018 01:51:06 Asia/Shanghai] PHP Fatal error:  Uncaught Error: Call to a member function get() on null in F:\code\php\xueqiu-slim\bootstrap\app.php:19
Stack trace:
#0 F:\code\php\xueqiu-slim\public\index.php(9): require()
#1 {main}
  thrown in F:\code\php\xueqiu-slim\bootstrap\app.php on line 19
[03-Apr-2018 01:56:56 Asia/Shanghai] PHP Warning:  require(F:\code\php\xueqiu-slim\bootstrap/app/routes.php): failed to open stream: No such file or directory in F:\code\php\xueqiu-slim\bootstrap\app.php on line 19
[03-Apr-2018 01:56:56 Asia/Shanghai] PHP Stack trace:
[03-Apr-2018 01:56:56 Asia/Shanghai] PHP   1. {main}() F:\code\php\xueqiu-slim\public\index.php:0
[03-Apr-2018 01:56:56 Asia/Shanghai] PHP   2. require() F:\code\php\xueqiu-slim\public\index.php:9
[03-Apr-2018 01:56:56 Asia/Shanghai] PHP Fatal error:  require(): Failed opening required 'F:\code\php\xueqiu-slim\bootstrap/app/routes.php' (include_path='.;C:\php\pear') in F:\code\php\xueqiu-slim\bootstrap\app.php on line 19
[03-Apr-2018 01:56:56 Asia/Shanghai] PHP Stack trace:
[03-Apr-2018 01:56:56 Asia/Shanghai] PHP   1. {main}() F:\code\php\xueqiu-slim\public\index.php:0
[03-Apr-2018 01:56:56 Asia/Shanghai] PHP   2. require() F:\code\php\xueqiu-slim\public\index.php:9
[03-Apr-2018 02:29:04 Asia/Shanghai] PHP Fatal error:  Uncaught Error: Class 'App\Models\Users' not found in F:\code\php\xueqiu-slim\bootstrap\app.php:19
Stack trace:
#0 F:\code\php\xueqiu-slim\public\index.php(9): require()
#1 {main}
  thrown in F:\code\php\xueqiu-slim\bootstrap\app.php on line 19
